Using pre-set license

 COMMAND LINE ARGUMENTS:
/Users/admin/Documents/UNITY/2020.3.12f1/Unity.app/Contents/MacOS/Unity
-adb2
-batchMode
-noUpm
-name
AssetImportWorker0
-projectPath
/Users/admin/Simple Game in Unity
-logFile
Logs/AssetImportWorker0.log
-srvPort
52766
Successfully changed project path to: /Users/admin/Simple Game in Unity
/Users/admin/Simple Game in Unity
Using Asset Import Pipeline V2.
Refreshing native plugins compatible for Editor in 51.88 ms, found 2 plugins.
Preloading 0 native plugins for Editor in 0.00 ms.
Initialize engine version: 2020.3.12f1 (b3b2c6512326)
[Subsystems] Discovering subsystems at path /Users/admin/Documents/UNITY/2020.3.12f1/Unity.app/Contents/Resources/UnitySubsystems
[Subsystems] Discovering subsystems at path /Users/admin/Simple Game in Unity/Assets
GfxDevice: creating device client; threaded=0
2021-06-18 20:23:07.339 Unity[4367:197552] Color LCD preferred device: Intel HD Graphics 4000 (low power)
2021-06-18 20:23:07.339 Unity[4367:197552] Metal devices available: 1
2021-06-18 20:23:07.339 Unity[4367:197552] 0: Intel HD Graphics 4000 (low power)
2021-06-18 20:23:07.340 Unity[4367:197552] Using device Intel HD Graphics 4000 (low power)
Initializing Metal device caps: Intel HD Graphics 4000
Initialize mono
Mono path[0] = '/Users/admin/Documents/UNITY/2020.3.12f1/Unity.app/Contents/Managed'
Mono path[1] = '/Users/admin/Documents/UNITY/2020.3.12f1/Unity.app/Contents/MonoBleedingEdge/lib/mono/unityjit'
Mono config path = '/Users/admin/Documents/UNITY/2020.3.12f1/Unity.app/Contents/MonoBleedingEdge/etc'
Using monoOptions --debugger-agent=transport=dt_socket,embedding=1,server=y,suspend=n,address=127.0.0.1:56367
Begin MonoManager ReloadAssembly
Registering precompiled unity dll's ...
Register platform support module: /Users/admin/Documents/UNITY/2020.3.12f1/Unity.app/Contents/PlaybackEngines/MacStandaloneSupport/UnityEditor.OSXStandalone.Extensions.dll
Registered in 0.000618 seconds.
Native extension for OSXStandalone target not found
Refreshing native plugins compatible for Editor in 47.47 ms, found 2 plugins.
Preloading 0 native plugins for Editor in 0.00 ms.
Mono: successfully reloaded assembly
- Completed reload, in  3.310 seconds
Platform modules already initialized, skipping
Registering precompiled user dll's ...
Registered in 0.002723 seconds.
Begin MonoManager ReloadAssembly
Native extension for OSXStandalone target not found
Refreshing native plugins compatible for Editor in 0.42 ms, found 2 plugins.
Preloading 0 native plugins for Editor in 0.00 ms.
Mono: successfully reloaded assembly
- Completed reload, in  1.862 seconds
Platform modules already initialized, skipping
========================================================================
Worker process is ready to serve import requests
Launching external process: /Users/admin/Documents/UNITY/2020.3.12f1/Unity.app/Contents/Tools/UnityShaderCompiler
Launched and connected shader compiler UnityShaderCompiler after 0.02 seconds
Refreshing native plugins compatible for Editor in 0.43 ms, found 2 plugins.
Preloading 0 native plugins for Editor in 0.00 ms.
Unloading 1391 Unused Serialized files (Serialized files now loaded: 0)
System memory in use before: 137.1 MB.
System memory in use after: 137.2 MB.

Unloading 19 unused Assets to reduce memory usage. Loaded Objects now: 1828.
Total: 3.077517 ms (FindLiveObjects: 0.288231 ms CreateObjectMapping: 0.137910 ms MarkObjects: 2.523546 ms  DeleteObjects: 0.126106 ms)

AssetImportParameters requested are different than current active one (requested -> active):
  custom:video-decoder-ogg-theora: a1e56fd34408186e4bbccfd4996cb3dc -> 
  custom:container-muxer-webm: aa71ff27fc2769a1b78a27578f13a17b -> 
  custom:container-demuxer-webm: 4f35f7cbe854078d1ac9338744f61a02 -> 
  custom:container-demuxer-ogg: 62fdf1f143b41e24485cea50d1cbac27 -> 
  custom:video-encoder-webm-vp8: eb34c28f22e8b96e1ab97ce403110664 -> 
  custom:framework-osx-AVFoundation: b23960f63f64bdc6ff669e2cdcee2391 -> 
  custom:video-decoder-webm-vp8: 9c59270c3fd7afecdb556c50c9e8de78 -> 
  custom:audio-decoder-ogg-vorbis: bf7c407c2cedff20999df2af8eb42d56 -> 
  custom:audio-encoder-webm-vorbis: bf7c407c2cedff20999df2af8eb42d56 -> 
========================================================================
Received Import Request.
  path: Assets/Materials/New Material.mat
  artifactKey: Guid(59a9bd536a8bb4470ac75a44eada4b84) Importer(815301076,1909f56bfc062723c751e8b465ee728b)
Start importing Assets/Materials/New Material.mat using Guid(59a9bd536a8bb4470ac75a44eada4b84) Importer(815301076,1909f56bfc062723c751e8b465ee728b)  -> (artifact id: '476b964990524db1e216046b96233f81') in 0.801679 seconds 
  Import took 0.805887 seconds .

========================================================================
Received Import Request.
  Time since last request: 0.000397 seconds.
  path: Assets/Materials/Red Obstacle.mat
  artifactKey: Guid(89d6890198cd9415b9474798cd00e4c6) Importer(815301076,1909f56bfc062723c751e8b465ee728b)
Start importing Assets/Materials/Red Obstacle.mat using Guid(89d6890198cd9415b9474798cd00e4c6) Importer(815301076,1909f56bfc062723c751e8b465ee728b)  -> (artifact id: 'c785a81799eaf8cc88aa1f7cc9e881ea') in 0.014781 seconds 
  Import took 0.018706 seconds .

========================================================================
Received Import Request.
  Time since last request: 0.000326 seconds.
  path: Assets/Materials/Ball.mat
  artifactKey: Guid(8b794c32d43f2428c969ad4b9e888b3b) Importer(815301076,1909f56bfc062723c751e8b465ee728b)
Start importing Assets/Materials/Ball.mat using Guid(8b794c32d43f2428c969ad4b9e888b3b) Importer(815301076,1909f56bfc062723c751e8b465ee728b)  -> (artifact id: '1b292b680e53f0b35a5e88065be6e121') in 0.046067 seconds 
  Import took 0.050054 seconds .

========================================================================
Received Import Request.
  Time since last request: 0.000369 seconds.
  path: Assets/Scenes/Start.unity
  artifactKey: Guid(9fc0d4010bbf28b4594072e72b8655ab) Importer(815301076,1909f56bfc062723c751e8b465ee728b)
Start importing Assets/Scenes/Start.unity using Guid(9fc0d4010bbf28b4594072e72b8655ab) Importer(815301076,1909f56bfc062723c751e8b465ee728b)  -> (artifact id: 'c6dcdfa27d00c25be901db620b729584') in 0.001948 seconds 
  Import took 0.005963 seconds .

